<?xml version="1.0" encoding="UTF-8"?>
<!-- Generated by org.testng.reporters.JUnitReportReporter -->
<testsuite hostname="LAPTOP-A363SLA7" failures="0" tests="5" name="hw1tests.test4" time="74.130" errors="0" timestamp="2024-06-03T23:43:03 IDT" skipped="0">
  <testcase classname="hw1tests.test4" name="tc04_Exploreplacedealsdirection" time="22.820"/>
  <testcase classname="hw1tests.test4" name="tc03_Exploreplacedealsdates" time="10.450"/>
  <testcase classname="hw1tests.test4" name="tc05_Explorethedealfromlist" time="3.390"/>
  <testcase classname="hw1tests.test4" name="tc02_Exploreplacedealsfrom" time="13.455"/>
  <testcase classname="hw1tests.test4" name="tc01_Clickdeals" time="24.015"/>
</testsuite> <!-- hw1tests.test4 -->
