<?xml version="1.0" encoding="UTF-8"?>
<!-- Generated by org.testng.reporters.JUnitReportReporter -->
<testsuite hostname="LAPTOP-A363SLA7" failures="0" tests="3" name="hw1tests.test3" time="79.877" errors="0" timestamp="2024-06-03T23:43:03 IDT" skipped="0">
  <testcase classname="hw1tests.test3" name="tc02_CheckEconomy" time="11.685"/>
  <testcase classname="hw1tests.test3" name="tc03_Choosepassandcabinbags" time="34.711"/>
  <testcase classname="hw1tests.test3" name="tc01_Checkflightoneway" time="33.481"/>
</testsuite> <!-- hw1tests.test3 -->
