<?xml version="1.0" encoding="UTF-8"?>
<!-- Generated by org.testng.reporters.JUnitReportReporter -->
<testsuite hostname="LAPTOP-A363SLA7" failures="0" tests="5" name="hw1tests.test2" time="87.614" errors="0" timestamp="2024-06-03T23:43:03 IDT" skipped="0">
  <testcase classname="hw1tests.test2" name="tc01_Checkflightfrom" time="19.673"/>
  <testcase classname="hw1tests.test2" name="tc02_Checkflightto" time="6.459"/>
  <testcase classname="hw1tests.test2" name="tc04_CheckEconomy" time="11.769"/>
  <testcase classname="hw1tests.test2" name="tc03_Checkflighttimefrom" time="14.085"/>
  <testcase classname="hw1tests.test2" name="tc05_Choosepassandcabinbags" time="35.628"/>
</testsuite> <!-- hw1tests.test2 -->
