<?xml version="1.0" encoding="UTF-8"?>
<!-- Generated by org.testng.reporters.JUnitReportReporter -->
<testsuite hostname="LAPTOP-A363SLA7" failures="0" tests="3" name="hw1tests.test1" time="30.557" errors="0" timestamp="2024-06-03T23:43:03 IDT" skipped="0">
  <testcase classname="hw1tests.test1" name="tc02_logoutandnopassward" time="4.854"/>
  <testcase classname="hw1tests.test1" name="tc03_Forgetinsertpassward" time="13.105"/>
  <testcase classname="hw1tests.test1" name="tc01_login" time="12.598"/>
</testsuite> <!-- hw1tests.test1 -->
