<?xml version="1.0" encoding="UTF-8"?>
<!-- Generated by org.testng.reporters.JUnitReportReporter -->
<testsuite hostname="LAPTOP-A363SLA7" failures="0" tests="3" name="hw2tests.test2" time="24.417" errors="0" timestamp="2023-10-25T19:55:14 IDT" skipped="0">
  <testcase classname="hw2tests.test2" name="tc01_createtask" time="4.678"/>
  <testcase classname="hw2tests.test2" name="tc03_createanothertask" time="16.605"/>
  <testcase classname="hw2tests.test2" name="tc02_createtaskdate" time="3.134"/>
</testsuite> <!-- hw2tests.test2 -->
